Using pre-set license
Built from '2020.2/staging' branch; Version is '2020.2.3f1 (8ff31bc5bf5b) revision 9433883'; Using compiler version '192528614'; Build Type 'Release'
OS: 'Windows 10 Enterprise; OS build 18363.1440; Version 1909; 64bit' Language: 'es' Physical Memory: 32728 MB
BatchMode: 1, IsHumanControllingUs: 0, StartBugReporterOnCrash: 0, Is64bit: 1, IsPro: 0

 COMMAND LINE ARGUMENTS:
D:\Program Files\Unity Hub\2020.2.3f1\Editor\Unity.exe
-adb2
-batchMode
-noUpm
-name
AssetImportWorker0
-projectPath
D:/david/Proyecto_2D
-logFile
Logs/AssetImportWorker0.log
-srvPort
59797
Successfully changed project path to: D:/david/Proyecto_2D
D:/david/Proyecto_2D
Using Asset Import Pipeline V2.
Refreshing native plugins compatible for Editor in 58.10 ms, found 1 plugins.
Preloading 0 native plugins for Editor in 0.00 ms.
Initialize engine version: 2020.2.3f1 (8ff31bc5bf5b)
[Subsystems] Discovering subsystems at path D:/Program Files/Unity Hub/2020.2.3f1/Editor/Data/Resources/UnitySubsystems
[Subsystems] Discovering subsystems at path D:/david/Proyecto_2D/Assets
GfxDevice: creating device client; threaded=0
Direct3D:
    Version:  Direct3D 11.0 [level 11.1]
    Renderer: NVIDIA GeForce GTX 1080 (ID=0x1be0)
    Vendor:   
    VRAM:     8079 MB
    Driver:   26.21.14.4614
Initialize mono
Mono path[0] = 'D:/Program Files/Unity Hub/2020.2.3f1/Editor/Data/Managed'
Mono path[1] = 'D:/Program Files/Unity Hub/2020.2.3f1/Editor/Data/MonoBleedingEdge/lib/mono/unityjit'
Mono config path = 'D:/Program Files/Unity Hub/2020.2.3f1/Editor/Data/MonoBleedingEdge/etc'
Using monoOptions --debugger-agent=transport=dt_socket,embedding=1,server=y,suspend=n,address=127.0.0.1:56752
Begin MonoManager ReloadAssembly
Registering precompiled unity dll's ...
Register platform support module: D:/Program Files/Unity Hub/2020.2.3f1/Editor/Data/PlaybackEngines/WindowsStandaloneSupport/UnityEditor.WindowsStandalone.Extensions.dll
Registered in 0.001645 seconds.
Native extension for WindowsStandalone target not found
Refreshing native plugins compatible for Editor in 50.46 ms, found 1 plugins.
Preloading 0 native plugins for Editor in 0.00 ms.
Invoked RoslynAnalysisRunner static constructor.
RoslynAnalysisRunner will not be running.
RoslynAnalysisRunner has terminated.
Mono: successfully reloaded assembly
- Completed reload, in  1.581 seconds
Platform modules already initialized, skipping
Registering precompiled user dll's ...
Registered in 0.001590 seconds.
Begin MonoManager ReloadAssembly
Native extension for WindowsStandalone target not found
Refreshing native plugins compatible for Editor in 49.53 ms, found 1 plugins.
Preloading 0 native plugins for Editor in 0.00 ms.
Invoked RoslynAnalysisRunner static constructor.
RoslynAnalysisRunner will not be running.
RoslynAnalysisRunner has terminated.
Mono: successfully reloaded assembly
- Completed reload, in  1.211 seconds
Platform modules already initialized, skipping
========================================================================
Worker process is ready to serve import requests
Launched and connected shader compiler UnityShaderCompiler.exe after 0.09 seconds
Refreshing native plugins compatible for Editor in 0.40 ms, found 1 plugins.
Preloading 0 native plugins for Editor in 0.00 ms.
Unloading 1802 Unused Serialized files (Serialized files now loaded: 0)
System memory in use before: 84.7 MB.
System memory in use after: 84.8 MB.

Unloading 19 unused Assets to reduce memory usage. Loaded Objects now: 2250.
Total: 2.120200 ms (FindLiveObjects: 0.196500 ms CreateObjectMapping: 0.100000 ms MarkObjects: 1.744700 ms  DeleteObjects: 0.077900 ms)

========================================================================
Received Import Request.
  path: Assets/Scenes/EscenaMapa.unity
  artifactKey: Guid(90fc415939c28c84482049d883aeaa2a) Importer(815301076,1909f56bfc062723c751e8b465ee728b)
Start importing Assets/Scenes/EscenaMapa.unity using Guid(90fc415939c28c84482049d883aeaa2a) Importer(815301076,1909f56bfc062723c751e8b465ee728b)  -> (artifact id: '8a7a21fcae8abd85c2f26c3ba3583f0a') in 0.016667 seconds
  Import took 0.020099 seconds .

========================================================================
Received Import Request.
  Time since last request: 200.961193 seconds.
  path: Assets/Scenes
  artifactKey: Guid(e9acffd14b63d2c4cb78aa8da1375c01) Importer(815301076,1909f56bfc062723c751e8b465ee728b)
Start importing Assets/Scenes using Guid(e9acffd14b63d2c4cb78aa8da1375c01) Importer(815301076,1909f56bfc062723c751e8b465ee728b)  -> (artifact id: 'c350beb0c5ecdbe03b49cdf254dcd5e9') in 0.031507 seconds
  Import took 0.042550 seconds .

========================================================================
Received Import Request.
  Time since last request: 44.813801 seconds.
  path: Assets/Scripts/FadeIn.cs
  artifactKey: Guid(54ad0962d742f0b40a2e99e12d25a53c) Importer(815301076,1909f56bfc062723c751e8b465ee728b)
Start importing Assets/Scripts/FadeIn.cs using Guid(54ad0962d742f0b40a2e99e12d25a53c) Importer(815301076,1909f56bfc062723c751e8b465ee728b)  -> (artifact id: '4042ae4c20a02213b7b73068d0bac718') in 0.053977 seconds
  Import took 0.057313 seconds .

========================================================================
Received Prepare
Registering precompiled user dll's ...
Registered in 0.001358 seconds.
Begin MonoManager ReloadAssembly
Native extension for WindowsStandalone target not found
Refreshing native plugins compatible for Editor in 0.46 ms, found 1 plugins.
Preloading 0 native plugins for Editor in 0.00 ms.
Invoked RoslynAnalysisRunner static constructor.
RoslynAnalysisRunner will not be running.
RoslynAnalysisRunner has terminated.
Mono: successfully reloaded assembly
- Completed reload, in  1.558 seconds
Platform modules already initialized, skipping
Refreshing native plugins compatible for Editor in 0.45 ms, found 1 plugins.
Preloading 0 native plugins for Editor in 0.00 ms.
Unloading 1793 Unused Serialized files (Serialized files now loaded: 0)
System memory in use before: 84.3 MB.
System memory in use after: 84.4 MB.

Unloading 7 unused Assets to reduce memory usage. Loaded Objects now: 2254.
Total: 2.176500 ms (FindLiveObjects: 0.187800 ms CreateObjectMapping: 0.077400 ms MarkObjects: 1.885700 ms  DeleteObjects: 0.023700 ms)

========================================================================
Received Prepare
Registering precompiled user dll's ...
Registered in 0.001401 seconds.
Begin MonoManager ReloadAssembly
Native extension for WindowsStandalone target not found
Refreshing native plugins compatible for Editor in 0.49 ms, found 1 plugins.
Preloading 0 native plugins for Editor in 0.00 ms.
Invoked RoslynAnalysisRunner static constructor.
RoslynAnalysisRunner will not be running.
RoslynAnalysisRunner has terminated.
Mono: successfully reloaded assembly
- Completed reload, in  1.023 seconds
Platform modules already initialized, skipping
Refreshing native plugins compatible for Editor in 0.41 ms, found 1 plugins.
Preloading 0 native plugins for Editor in 0.00 ms.
Unloading 1793 Unused Serialized files (Serialized files now loaded: 0)
System memory in use before: 84.3 MB.
System memory in use after: 84.4 MB.

Unloading 7 unused Assets to reduce memory usage. Loaded Objects now: 2257.
Total: 2.116000 ms (FindLiveObjects: 0.192300 ms CreateObjectMapping: 0.083000 ms MarkObjects: 1.813900 ms  DeleteObjects: 0.025900 ms)

========================================================================
Received Prepare
Registering precompiled user dll's ...
Registered in 0.001484 seconds.
Begin MonoManager ReloadAssembly
Native extension for WindowsStandalone target not found
Refreshing native plugins compatible for Editor in 0.42 ms, found 1 plugins.
Preloading 0 native plugins for Editor in 0.00 ms.
Invoked RoslynAnalysisRunner static constructor.
RoslynAnalysisRunner will not be running.
RoslynAnalysisRunner has terminated.
Mono: successfully reloaded assembly
- Completed reload, in  1.010 seconds
Platform modules already initialized, skipping
Refreshing native plugins compatible for Editor in 0.62 ms, found 1 plugins.
Preloading 0 native plugins for Editor in 0.00 ms.
Unloading 1793 Unused Serialized files (Serialized files now loaded: 0)
System memory in use before: 84.3 MB.
System memory in use after: 84.5 MB.

Unloading 7 unused Assets to reduce memory usage. Loaded Objects now: 2260.
Total: 2.954100 ms (FindLiveObjects: 0.326500 ms CreateObjectMapping: 0.301500 ms MarkObjects: 2.295000 ms  DeleteObjects: 0.029200 ms)

========================================================================
Received Import Request.
  Time since last request: 833.716159 seconds.
  path: Assets/Scripts/Menu.cs
  artifactKey: Guid(7d0341dd6f29a9e44a7c26c454785624) Importer(815301076,1909f56bfc062723c751e8b465ee728b)
Start importing Assets/Scripts/Menu.cs using Guid(7d0341dd6f29a9e44a7c26c454785624) Importer(815301076,1909f56bfc062723c751e8b465ee728b)  -> (artifact id: '4eabdd7ab8d484b0d8fe7b5831ea739c') in 0.158180 seconds
  Import took 0.163015 seconds .

========================================================================
Received Import Request.
  Time since last request: 143.434379 seconds.
  path: Assets/Scripts/Menu.cs
  artifactKey: Guid(7d0341dd6f29a9e44a7c26c454785624) Importer(815301076,1909f56bfc062723c751e8b465ee728b)
Start importing Assets/Scripts/Menu.cs using Guid(7d0341dd6f29a9e44a7c26c454785624) Importer(815301076,1909f56bfc062723c751e8b465ee728b)  -> (artifact id: '8a3c982b6e89221d9f08c00f0d10feb8') in 0.003219 seconds
  Import took 0.008361 seconds .

========================================================================
Received Prepare
Registering precompiled user dll's ...
Registered in 0.002025 seconds.
Begin MonoManager ReloadAssembly
Native extension for WindowsStandalone target not found
Refreshing native plugins compatible for Editor in 0.41 ms, found 1 plugins.
Preloading 0 native plugins for Editor in 0.00 ms.
Invoked RoslynAnalysisRunner static constructor.
RoslynAnalysisRunner will not be running.
RoslynAnalysisRunner has terminated.
Mono: successfully reloaded assembly
- Completed reload, in  0.991 seconds
Platform modules already initialized, skipping
Refreshing native plugins compatible for Editor in 0.42 ms, found 1 plugins.
Preloading 0 native plugins for Editor in 0.00 ms.
Unloading 1793 Unused Serialized files (Serialized files now loaded: 0)
System memory in use before: 84.4 MB.
System memory in use after: 84.5 MB.

Unloading 7 unused Assets to reduce memory usage. Loaded Objects now: 2263.
Total: 2.061500 ms (FindLiveObjects: 0.207900 ms CreateObjectMapping: 0.078000 ms MarkObjects: 1.754700 ms  DeleteObjects: 0.019600 ms)

========================================================================
Received Import Request.
  Time since last request: 333.459120 seconds.
  path: Assets/Scripts/Menu.cs
  artifactKey: Guid(7d0341dd6f29a9e44a7c26c454785624) Importer(815301076,1909f56bfc062723c751e8b465ee728b)
Start importing Assets/Scripts/Menu.cs using Guid(7d0341dd6f29a9e44a7c26c454785624) Importer(815301076,1909f56bfc062723c751e8b465ee728b)  -> (artifact id: '6ca352118a15d5c1393f8060dac43fd6') in 0.007984 seconds
  Import took 0.011447 seconds .

========================================================================
Received Prepare
Registering precompiled user dll's ...
Registered in 0.001783 seconds.
Begin MonoManager ReloadAssembly
Native extension for WindowsStandalone target not found
Refreshing native plugins compatible for Editor in 0.53 ms, found 1 plugins.
Preloading 0 native plugins for Editor in 0.00 ms.
Invoked RoslynAnalysisRunner static constructor.
RoslynAnalysisRunner will not be running.
RoslynAnalysisRunner has terminated.
Mono: successfully reloaded assembly
- Completed reload, in  0.982 seconds
Platform modules already initialized, skipping
Refreshing native plugins compatible for Editor in 0.43 ms, found 1 plugins.
Preloading 0 native plugins for Editor in 0.00 ms.
Unloading 1793 Unused Serialized files (Serialized files now loaded: 0)
System memory in use before: 84.4 MB.
System memory in use after: 84.5 MB.

Unloading 7 unused Assets to reduce memory usage. Loaded Objects now: 2266.
Total: 2.041300 ms (FindLiveObjects: 0.200700 ms CreateObjectMapping: 0.090200 ms MarkObjects: 1.726700 ms  DeleteObjects: 0.022300 ms)

========================================================================
Received Prepare
Registering precompiled user dll's ...
Registered in 0.001810 seconds.
Begin MonoManager ReloadAssembly
Native extension for WindowsStandalone target not found
Refreshing native plugins compatible for Editor in 0.53 ms, found 1 plugins.
Preloading 0 native plugins for Editor in 0.00 ms.
Invoked RoslynAnalysisRunner static constructor.
RoslynAnalysisRunner will not be running.
RoslynAnalysisRunner has terminated.
Mono: successfully reloaded assembly
- Completed reload, in  1.245 seconds
Platform modules already initialized, skipping
Refreshing native plugins compatible for Editor in 0.46 ms, found 1 plugins.
Preloading 0 native plugins for Editor in 0.00 ms.
Unloading 1812 Unused Serialized files (Serialized files now loaded: 0)
System memory in use before: 85.8 MB.
System memory in use after: 85.5 MB.

Unloading 15 unused Assets to reduce memory usage. Loaded Objects now: 2280.
Total: 2.538000 ms (FindLiveObjects: 0.225600 ms CreateObjectMapping: 0.106000 ms MarkObjects: 1.960200 ms  DeleteObjects: 0.244600 ms)

========================================================================
Received Import Request.
  Time since last request: 780.112937 seconds.
  path: Assets/Particlecollection_Free samples/Prefab
  artifactKey: Guid(c9bd4434b036b634fa1b77af32047dd9) Importer(815301076,1909f56bfc062723c751e8b465ee728b)
Start importing Assets/Particlecollection_Free samples/Prefab using Guid(c9bd4434b036b634fa1b77af32047dd9) Importer(815301076,1909f56bfc062723c751e8b465ee728b)  -> (artifact id: '1f7a33375537fdceb6d63b0b1bdc0eaa') in 0.013251 seconds
  Import took 0.017857 seconds .

========================================================================
Received Import Request.
  Time since last request: 0.057917 seconds.
  path: Assets/Particlecollection_Free samples/Prefab/ground_noshow.prefab
  artifactKey: Guid(e7298a3a55795d74d95723db751f8562) Importer(815301076,1909f56bfc062723c751e8b465ee728b)
Start importing Assets/Particlecollection_Free samples/Prefab/ground_noshow.prefab using Guid(e7298a3a55795d74d95723db751f8562) Importer(815301076,1909f56bfc062723c751e8b465ee728b)  -> (artifact id: 'ebfa596b4bc544811bd506117b548f8b') in 0.400784 seconds
  Import took 0.405359 seconds .

========================================================================
Received Import Request.
  Time since last request: 13.139724 seconds.
  path: Assets/Particlecollection_Free samples/Prefab/bullet
  artifactKey: Guid(d8632492988bb274282d481b3c90c20c) Importer(815301076,1909f56bfc062723c751e8b465ee728b)
Start importing Assets/Particlecollection_Free samples/Prefab/bullet using Guid(d8632492988bb274282d481b3c90c20c) Importer(815301076,1909f56bfc062723c751e8b465ee728b)  -> (artifact id: 'bdd349cf670a6d85db279aa47c578f32') in 0.009593 seconds
  Import took 0.013708 seconds .

========================================================================
Received Import Request.
  Time since last request: 0.079042 seconds.
  path: Assets/Particlecollection_Free samples/Prefab/bullet/01.prefab
  artifactKey: Guid(35def8c4f8304524785a18281440c268) Importer(815301076,1909f56bfc062723c751e8b465ee728b)
Start importing Assets/Particlecollection_Free samples/Prefab/bullet/01.prefab using Guid(35def8c4f8304524785a18281440c268) Importer(815301076,1909f56bfc062723c751e8b465ee728b)  -> (artifact id: '243ad3ab7f42da3f0355b79eb585d00f') in 0.015105 seconds
  Import took 0.019228 seconds .

========================================================================
Received Import Request.
  Time since last request: 0.000292 seconds.
  path: Assets/Particlecollection_Free samples/Prefab/bullet/02.prefab
  artifactKey: Guid(594cef4fbae82174a8b8c5c44019db1b) Importer(815301076,1909f56bfc062723c751e8b465ee728b)
Start importing Assets/Particlecollection_Free samples/Prefab/bullet/02.prefab using Guid(594cef4fbae82174a8b8c5c44019db1b) Importer(815301076,1909f56bfc062723c751e8b465ee728b)  -> (artifact id: '31ecf453a0f83c7e86e209017fdbd65a') in 0.011188 seconds
  Import took 0.015733 seconds .

========================================================================
Received Import Request.
  Time since last request: 0.000258 seconds.
  path: Assets/Particlecollection_Free samples/Prefab/bullet/05.prefab
  artifactKey: Guid(712b6c9351bec3f47a711ed65bcb3b51) Importer(815301076,1909f56bfc062723c751e8b465ee728b)
Start importing Assets/Particlecollection_Free samples/Prefab/bullet/05.prefab using Guid(712b6c9351bec3f47a711ed65bcb3b51) Importer(815301076,1909f56bfc062723c751e8b465ee728b)  -> (artifact id: '0f5dbdab1c0cbaf2169c4d132e34f8ed') in 0.013792 seconds
  Import took 0.018255 seconds .

========================================================================
Received Import Request.
  Time since last request: 0.000302 seconds.
  path: Assets/Particlecollection_Free samples/Prefab/bullet/06.prefab
  artifactKey: Guid(506b76a90d40c8f448099b2167e9aabc) Importer(815301076,1909f56bfc062723c751e8b465ee728b)
Start importing Assets/Particlecollection_Free samples/Prefab/bullet/06.prefab using Guid(506b76a90d40c8f448099b2167e9aabc) Importer(815301076,1909f56bfc062723c751e8b465ee728b)  -> (artifact id: '2f963583905ed7c20a1f0a5cb99dcd0f') in 0.010917 seconds
  Import took 0.015400 seconds .

========================================================================
Received Import Request.
  Time since last request: 0.000265 seconds.
  path: Assets/Particlecollection_Free samples/Prefab/bullet/04.prefab
  artifactKey: Guid(d026db3b471cd444481fe356ff74f309) Importer(815301076,1909f56bfc062723c751e8b465ee728b)
Start importing Assets/Particlecollection_Free samples/Prefab/bullet/04.prefab using Guid(d026db3b471cd444481fe356ff74f309) Importer(815301076,1909f56bfc062723c751e8b465ee728b)  -> (artifact id: 'af9cd085343d42a2a99c7512d4273037') in 0.014743 seconds
  Import took 0.019547 seconds .

========================================================================
Received Import Request.
  Time since last request: 0.000293 seconds.
  path: Assets/Particlecollection_Free samples/Prefab/bullet/03.prefab
  artifactKey: Guid(aecb00c0fd2504b4f9c21615e3889d53) Importer(815301076,1909f56bfc062723c751e8b465ee728b)
Start importing Assets/Particlecollection_Free samples/Prefab/bullet/03.prefab using Guid(aecb00c0fd2504b4f9c21615e3889d53) Importer(815301076,1909f56bfc062723c751e8b465ee728b)  -> (artifact id: '59aed442c6365dd41c7b9b4239363304') in 0.013283 seconds
  Import took 0.018517 seconds .

========================================================================
Received Import Request.
  Time since last request: 48.613486 seconds.
  path: Assets/Particlecollection_Free samples/Prefab/Plugins demo/Cutout_alpha.prefab
  artifactKey: Guid(4c89a65a77636c143955b3d2337c85ed) Importer(815301076,1909f56bfc062723c751e8b465ee728b)
Start importing Assets/Particlecollection_Free samples/Prefab/Plugins demo/Cutout_alpha.prefab using Guid(4c89a65a77636c143955b3d2337c85ed) Importer(815301076,1909f56bfc062723c751e8b465ee728b)  -> (artifact id: 'e5e415b01e1016915ed2c701e96011ce') in 0.170554 seconds
  Import took 0.180615 seconds .

========================================================================
Received Import Request.
  Time since last request: 0.000306 seconds.
  path: Assets/Particlecollection_Free samples/Prefab/Plugins demo/UV_Mirror.prefab
  artifactKey: Guid(a0cf5d5e48fb1f74d944b40b419cf8be) Importer(815301076,1909f56bfc062723c751e8b465ee728b)
Start importing Assets/Particlecollection_Free samples/Prefab/Plugins demo/UV_Mirror.prefab using Guid(a0cf5d5e48fb1f74d944b40b419cf8be) Importer(815301076,1909f56bfc062723c751e8b465ee728b)  -> (artifact id: '3fb24ff785f9ba875a1b5febcc8b3f0c') in 0.018066 seconds
  Import took 0.022748 seconds .

========================================================================
Received Import Request.
  Time since last request: 0.000242 seconds.
  path: Assets/Particlecollection_Free samples/Prefab/Plugins demo/UV_Scroll.prefab
  artifactKey: Guid(b1e17c5b965c40e4fb296c1b2cb20fab) Importer(815301076,1909f56bfc062723c751e8b465ee728b)
Start importing Assets/Particlecollection_Free samples/Prefab/Plugins demo/UV_Scroll.prefab using Guid(b1e17c5b965c40e4fb296c1b2cb20fab) Importer(815301076,1909f56bfc062723c751e8b465ee728b)  -> (artifact id: '0e628d3047b6c0b4652382593914f710') in 0.016564 seconds
  Import took 0.022941 seconds .

========================================================================
Received Import Request.
  Time since last request: 0.000235 seconds.
  path: Assets/Particlecollection_Free samples/Prefab/Plugins demo/EmissionGain.prefab
  artifactKey: Guid(9c7c76ddc07a1134da33e9509f08bc6c) Importer(815301076,1909f56bfc062723c751e8b465ee728b)
Start importing Assets/Particlecollection_Free samples/Prefab/Plugins demo/EmissionGain.prefab using Guid(9c7c76ddc07a1134da33e9509f08bc6c) Importer(815301076,1909f56bfc062723c751e8b465ee728b)  -> (artifact id: 'b7151267c25272eaa3c99a7e3b4433c7') in 0.015621 seconds
  Import took 0.021650 seconds .

========================================================================
Received Import Request.
  Time since last request: 0.000236 seconds.
  path: Assets/Particlecollection_Free samples/Prefab/Plugins demo/effect_distortion_mask.prefab
  artifactKey: Guid(41a63e034169271498628fd0e4fba549) Importer(815301076,1909f56bfc062723c751e8b465ee728b)
Start importing Assets/Particlecollection_Free samples/Prefab/Plugins demo/effect_distortion_mask.prefab using Guid(41a63e034169271498628fd0e4fba549) Importer(815301076,1909f56bfc062723c751e8b465ee728b)  -> (artifact id: '5dbda1ad6aa5f91139bc3a61ac89cd78') in 0.317577 seconds
  Import took 0.322065 seconds .

========================================================================
Received Import Request.
  Time since last request: 0.000304 seconds.
  path: Assets/Particlecollection_Free samples/Prefab/Plugins demo/UV_Rotation.prefab
  artifactKey: Guid(fcfffa2af23a672459d4ddaebc89f59e) Importer(815301076,1909f56bfc062723c751e8b465ee728b)
Start importing Assets/Particlecollection_Free samples/Prefab/Plugins demo/UV_Rotation.prefab using Guid(fcfffa2af23a672459d4ddaebc89f59e) Importer(815301076,1909f56bfc062723c751e8b465ee728b)  -> (artifact id: 'c296007126d2d86ab23908122c3a17da') in 0.013720 seconds
  Import took 0.018758 seconds .

========================================================================
Received Import Request.
  Time since last request: 1.894167 seconds.
  path: Assets/Particlecollection_Free samples/Prefab/Line/Line_001.prefab
  artifactKey: Guid(9ef916b309aba9446a08be5910cbc272) Importer(815301076,1909f56bfc062723c751e8b465ee728b)
Start importing Assets/Particlecollection_Free samples/Prefab/Line/Line_001.prefab using Guid(9ef916b309aba9446a08be5910cbc272) Importer(815301076,1909f56bfc062723c751e8b465ee728b)  -> (artifact id: 'a3c303797921cbbd791438bf504a3dd2') in 0.011013 seconds
  Import took 0.015637 seconds .

========================================================================
Received Import Request.
  Time since last request: 0.000318 seconds.
  path: Assets/Particlecollection_Free samples/Prefab/Line/Line_006.prefab
  artifactKey: Guid(5c54293bd29e820498ddc49a16856b48) Importer(815301076,1909f56bfc062723c751e8b465ee728b)
Start importing Assets/Particlecollection_Free samples/Prefab/Line/Line_006.prefab using Guid(5c54293bd29e820498ddc49a16856b48) Importer(815301076,1909f56bfc062723c751e8b465ee728b)  -> (artifact id: '058a52b864dd55da5c6246c39b798384') in 0.010937 seconds
  Import took 0.014940 seconds .

========================================================================
Received Import Request.
  Time since last request: 0.000303 seconds.
  path: Assets/Particlecollection_Free samples/Prefab/Line/Line_005.prefab
  artifactKey: Guid(96f2bc190f1b7ab46a26872f90662541) Importer(815301076,1909f56bfc062723c751e8b465ee728b)
Start importing Assets/Particlecollection_Free samples/Prefab/Line/Line_005.prefab using Guid(96f2bc190f1b7ab46a26872f90662541) Importer(815301076,1909f56bfc062723c751e8b465ee728b)  -> (artifact id: '6c153b575a820f985a484f40802648e3') in 0.011094 seconds
  Import took 0.015071 seconds .

========================================================================
Received Import Request.
  Time since last request: 0.000295 seconds.
  path: Assets/Particlecollection_Free samples/Prefab/Line/Line_003.prefab
  artifactKey: Guid(3e3ed234878908b46af9d087271c63dd) Importer(815301076,1909f56bfc062723c751e8b465ee728b)
Start importing Assets/Particlecollection_Free samples/Prefab/Line/Line_003.prefab using Guid(3e3ed234878908b46af9d087271c63dd) Importer(815301076,1909f56bfc062723c751e8b465ee728b)  -> (artifact id: '4fbeadf000af9083a0131f857298b79a') in 0.010499 seconds
  Import took 0.014438 seconds .

========================================================================
Received Import Request.
  Time since last request: 0.000336 seconds.
  path: Assets/Particlecollection_Free samples/Prefab/Line/Line_004.prefab
  artifactKey: Guid(65b6e58c4e061704385b3d987fcd8b69) Importer(815301076,1909f56bfc062723c751e8b465ee728b)
Start importing Assets/Particlecollection_Free samples/Prefab/Line/Line_004.prefab using Guid(65b6e58c4e061704385b3d987fcd8b69) Importer(815301076,1909f56bfc062723c751e8b465ee728b)  -> (artifact id: '225b6afd15b2b90892d2e0f41555fa66') in 0.011534 seconds
  Import took 0.015385 seconds .

========================================================================
Received Import Request.
  Time since last request: 0.000285 seconds.
  path: Assets/Particlecollection_Free samples/Prefab/Line/Line_002.prefab
  artifactKey: Guid(ccfacd3b91beef8459b0d829b7aac729) Importer(815301076,1909f56bfc062723c751e8b465ee728b)
Start importing Assets/Particlecollection_Free samples/Prefab/Line/Line_002.prefab using Guid(ccfacd3b91beef8459b0d829b7aac729) Importer(815301076,1909f56bfc062723c751e8b465ee728b)  -> (artifact id: '40444404252beea6bb39718b43c8632b') in 0.010795 seconds
  Import took 0.014738 seconds .

========================================================================
Received Import Request.
  Time since last request: 2.532705 seconds.
  path: Assets/Particlecollection_Free samples/Prefab/Cleave/power_01 .prefab
  artifactKey: Guid(c38cc4f8844b6ae49bcac0c9adc4367b) Importer(815301076,1909f56bfc062723c751e8b465ee728b)
Start importing Assets/Particlecollection_Free samples/Prefab/Cleave/power_01 .prefab using Guid(c38cc4f8844b6ae49bcac0c9adc4367b) Importer(815301076,1909f56bfc062723c751e8b465ee728b)  -> (artifact id: '8c01eff7eb1e7bccdc020cc0042136b3') in 0.047698 seconds
  Import took 0.057862 seconds .

========================================================================
Received Import Request.
  Time since last request: 0.000351 seconds.
  path: Assets/Particlecollection_Free samples/Prefab/Cleave/power_03.prefab
  artifactKey: Guid(5fb3675bd2c8d92459cc1f5d57d614a0) Importer(815301076,1909f56bfc062723c751e8b465ee728b)
Start importing Assets/Particlecollection_Free samples/Prefab/Cleave/power_03.prefab using Guid(5fb3675bd2c8d92459cc1f5d57d614a0) Importer(815301076,1909f56bfc062723c751e8b465ee728b)  -> (artifact id: '44b2a47bcaa19f3ad09aae6ea5dd06da') in 0.016147 seconds
  Import took 0.023946 seconds .

========================================================================
Received Import Request.
  Time since last request: 0.000232 seconds.
  path: Assets/Particlecollection_Free samples/Prefab/Cleave/power_05.prefab
  artifactKey: Guid(c2d21b7d8f891a941a643043d5422cc3) Importer(815301076,1909f56bfc062723c751e8b465ee728b)
Start importing Assets/Particlecollection_Free samples/Prefab/Cleave/power_05.prefab using Guid(c2d21b7d8f891a941a643043d5422cc3) Importer(815301076,1909f56bfc062723c751e8b465ee728b)  -> (artifact id: '24f38e81784f1fbe5bdf18234abe4f46') in 0.013477 seconds
  Import took 0.019464 seconds .

========================================================================
Received Import Request.
  Time since last request: 0.000273 seconds.
  path: Assets/Particlecollection_Free samples/Prefab/Cleave/power_02.prefab
  artifactKey: Guid(2f308eb32384ace4eb423794eb669a9c) Importer(815301076,1909f56bfc062723c751e8b465ee728b)
Start importing Assets/Particlecollection_Free samples/Prefab/Cleave/power_02.prefab using Guid(2f308eb32384ace4eb423794eb669a9c) Importer(815301076,1909f56bfc062723c751e8b465ee728b)  -> (artifact id: 'fd6cd40182adacab6aaf0c6afd8ab400') in 0.014408 seconds
  Import took 0.019902 seconds .

========================================================================
Received Import Request.
  Time since last request: 0.000238 seconds.
  path: Assets/Particlecollection_Free samples/Prefab/Cleave/power_04.prefab
  artifactKey: Guid(6c4b402c56ee6254f9482eca3910e8c0) Importer(815301076,1909f56bfc062723c751e8b465ee728b)
Start importing Assets/Particlecollection_Free samples/Prefab/Cleave/power_04.prefab using Guid(6c4b402c56ee6254f9482eca3910e8c0) Importer(815301076,1909f56bfc062723c751e8b465ee728b)  -> (artifact id: '12d6b30fcb39ffb4235d54ba4b592818') in 0.014227 seconds
  Import took 0.018666 seconds .

========================================================================
Received Import Request.
  Time since last request: 0.000262 seconds.
  path: Assets/Particlecollection_Free samples/Prefab/Cleave/power_06.prefab
  artifactKey: Guid(46aa0179322d09441918caee85b6d0a5) Importer(815301076,1909f56bfc062723c751e8b465ee728b)
Start importing Assets/Particlecollection_Free samples/Prefab/Cleave/power_06.prefab using Guid(46aa0179322d09441918caee85b6d0a5) Importer(815301076,1909f56bfc062723c751e8b465ee728b)  -> (artifact id: 'abedc6ba3790b25a710a2700e5cf3cdd') in 0.013389 seconds
  Import took 0.018467 seconds .

========================================================================
Received Import Request.
  Time since last request: 0.015160 seconds.
  path: Assets/Particlecollection_Free samples/Prefab/Cleave/power_06.prefab
  artifactKey: Guid(46aa0179322d09441918caee85b6d0a5) Importer(815301076,1909f56bfc062723c751e8b465ee728b)
Start importing Assets/Particlecollection_Free samples/Prefab/Cleave/power_06.prefab using Guid(46aa0179322d09441918caee85b6d0a5) Importer(815301076,1909f56bfc062723c751e8b465ee728b)  -> (artifact id: 'abedc6ba3790b25a710a2700e5cf3cdd') in 0.006965 seconds
  Import took 0.011503 seconds .

========================================================================
Received Import Request.
  Time since last request: 8.612649 seconds.
  path: Assets/Particlecollection_Free samples/Prefab/Cleave/power_01 .prefab
  artifactKey: Guid(c38cc4f8844b6ae49bcac0c9adc4367b) Importer(815301076,1909f56bfc062723c751e8b465ee728b)
Start importing Assets/Particlecollection_Free samples/Prefab/Cleave/power_01 .prefab using Guid(c38cc4f8844b6ae49bcac0c9adc4367b) Importer(815301076,1909f56bfc062723c751e8b465ee728b)  -> (artifact id: '4547f0ce47a281762debd4a01e2d204d') in 0.007205 seconds
  Import took 0.011933 seconds .

========================================================================
Received Import Request.
  Time since last request: 9.604933 seconds.
  path: Assets/Particlecollection_Free samples/Prefab/Cleave/power_02.prefab
  artifactKey: Guid(2f308eb32384ace4eb423794eb669a9c) Importer(815301076,1909f56bfc062723c751e8b465ee728b)
Start importing Assets/Particlecollection_Free samples/Prefab/Cleave/power_02.prefab using Guid(2f308eb32384ace4eb423794eb669a9c) Importer(815301076,1909f56bfc062723c751e8b465ee728b)  -> (artifact id: '3fed24d0307dbcbbac771284835738a7') in 0.024556 seconds
  Import took 0.039566 seconds .

========================================================================
Received Import Request.
  Time since last request: 72.162188 seconds.
  path: Assets/Particlecollection_Free samples/Prefab/Hit/Hit_01.prefab
  artifactKey: Guid(7dc0b63f67faaf9479803bcfdff7f71e) Importer(815301076,1909f56bfc062723c751e8b465ee728b)
Start importing Assets/Particlecollection_Free samples/Prefab/Hit/Hit_01.prefab using Guid(7dc0b63f67faaf9479803bcfdff7f71e) Importer(815301076,1909f56bfc062723c751e8b465ee728b)  -> (artifact id: '4728bba253ec83a0e81c54f2f66257a7') in 0.049612 seconds
  Import took 0.080519 seconds .

========================================================================
Received Import Request.
  Time since last request: 0.000635 seconds.
  path: Assets/Particlecollection_Free samples/Prefab/Hit/Hit_05.prefab
  artifactKey: Guid(3c2d41265118fc14f8065fbfc45391d0) Importer(815301076,1909f56bfc062723c751e8b465ee728b)
Start importing Assets/Particlecollection_Free samples/Prefab/Hit/Hit_05.prefab using Guid(3c2d41265118fc14f8065fbfc45391d0) Importer(815301076,1909f56bfc062723c751e8b465ee728b)  -> (artifact id: '70a43f2fb24297b1be3d0dbef29426ac') in 0.160341 seconds
  Import took 0.169509 seconds .

========================================================================
Received Import Request.
  Time since last request: 0.000243 seconds.
  path: Assets/Particlecollection_Free samples/Prefab/Hit/Hit_04.prefab
  artifactKey: Guid(8d3a7fbc62f810c43b8c42fdb2978ef4) Importer(815301076,1909f56bfc062723c751e8b465ee728b)
Start importing Assets/Particlecollection_Free samples/Prefab/Hit/Hit_04.prefab using Guid(8d3a7fbc62f810c43b8c42fdb2978ef4) Importer(815301076,1909f56bfc062723c751e8b465ee728b)  -> (artifact id: 'b5ff0517162a9c63acf694d5f95b1a77') in 0.012717 seconds
  Import took 0.018283 seconds .

========================================================================
Received Import Request.
  Time since last request: 0.000316 seconds.
  path: Assets/Particlecollection_Free samples/Prefab/Hit/Hit_03.prefab
  artifactKey: Guid(cd1ff9e92aad8ac4db78b6ffd5f1eab7) Importer(815301076,1909f56bfc062723c751e8b465ee728b)
Start importing Assets/Particlecollection_Free samples/Prefab/Hit/Hit_03.prefab using Guid(cd1ff9e92aad8ac4db78b6ffd5f1eab7) Importer(815301076,1909f56bfc062723c751e8b465ee728b)  -> (artifact id: 'ed269ae1526655b259acd2efcf3a0dcc') in 0.013673 seconds
  Import took 0.018518 seconds .

========================================================================
Received Import Request.
  Time since last request: 0.000254 seconds.
  path: Assets/Particlecollection_Free samples/Prefab/Hit/Hit_02.prefab
  artifactKey: Guid(9242b15a276bc5a4babd09239e5fa709) Importer(815301076,1909f56bfc062723c751e8b465ee728b)
Start importing Assets/Particlecollection_Free samples/Prefab/Hit/Hit_02.prefab using Guid(9242b15a276bc5a4babd09239e5fa709) Importer(815301076,1909f56bfc062723c751e8b465ee728b)  -> (artifact id: '19bb036f379c33f97b66e53664268736') in 0.013914 seconds
  Import took 0.018399 seconds .

========================================================================
Received Import Request.
  Time since last request: 0.000390 seconds.
  path: Assets/Particlecollection_Free samples/Prefab/Hit/Hit_06.prefab
  artifactKey: Guid(f2a398acbf213024aa23b14c390770bf) Importer(815301076,1909f56bfc062723c751e8b465ee728b)
Start importing Assets/Particlecollection_Free samples/Prefab/Hit/Hit_06.prefab using Guid(f2a398acbf213024aa23b14c390770bf) Importer(815301076,1909f56bfc062723c751e8b465ee728b)  -> (artifact id: 'c99ba39627b8abc7e1272a5b552afbd5') in 0.012625 seconds
  Import took 0.017307 seconds .

========================================================================
Received Import Request.
  Time since last request: 0.000334 seconds.
  path: Assets/Particlecollection_Free samples/Prefab/Hit/Hit_03.prefab
  artifactKey: Guid(cd1ff9e92aad8ac4db78b6ffd5f1eab7) Importer(815301076,1909f56bfc062723c751e8b465ee728b)
Start importing Assets/Particlecollection_Free samples/Prefab/Hit/Hit_03.prefab using Guid(cd1ff9e92aad8ac4db78b6ffd5f1eab7) Importer(815301076,1909f56bfc062723c751e8b465ee728b)  -> (artifact id: 'ed269ae1526655b259acd2efcf3a0dcc') in 0.007681 seconds
  Import took 0.012177 seconds .

========================================================================
Received Import Request.
  Time since last request: 0.010072 seconds.
  path: Assets/Particlecollection_Free samples/Prefab/Hit/Hit_06.prefab
  artifactKey: Guid(f2a398acbf213024aa23b14c390770bf) Importer(815301076,1909f56bfc062723c751e8b465ee728b)
Start importing Assets/Particlecollection_Free samples/Prefab/Hit/Hit_06.prefab using Guid(f2a398acbf213024aa23b14c390770bf) Importer(815301076,1909f56bfc062723c751e8b465ee728b)  -> (artifact id: 'c99ba39627b8abc7e1272a5b552afbd5') in 0.008673 seconds
  Import took 0.014018 seconds .

========================================================================
Received Import Request.
  Time since last request: 43.162818 seconds.
  path: Assets/Prefabs/Moneda.prefab
  artifactKey: Guid(8c53120c2099b804490cedae6d6de083) Importer(815301076,1909f56bfc062723c751e8b465ee728b)
Start importing Assets/Prefabs/Moneda.prefab using Guid(8c53120c2099b804490cedae6d6de083) Importer(815301076,1909f56bfc062723c751e8b465ee728b)  -> (artifact id: '15bf4896a74138e2f8855cfa59365d9d') in 0.061226 seconds
  Import took 0.073860 seconds .

========================================================================
Received Import Request.
  Time since last request: 53.961262 seconds.
  path: Assets/Particlecollection_Free samples/Prefab/Hit
  artifactKey: Guid(a11769faf6ca4d04485b732aebc806c9) Importer(815301076,1909f56bfc062723c751e8b465ee728b)
Start importing Assets/Particlecollection_Free samples/Prefab/Hit using Guid(a11769faf6ca4d04485b732aebc806c9) Importer(815301076,1909f56bfc062723c751e8b465ee728b)  -> (artifact id: '9eaf5ea74ac8cbe20b596a237f09c172') in 0.009671 seconds
  Import took 0.013662 seconds .

========================================================================
Received Import Request.
  Time since last request: 19.357967 seconds.
  path: Assets/Particlecollection_Free samples/Scene/Directional Light_noshow.prefab
  artifactKey: Guid(e882af2610b8b8240b4e9884f74c860a) Importer(815301076,1909f56bfc062723c751e8b465ee728b)
Start importing Assets/Particlecollection_Free samples/Scene/Directional Light_noshow.prefab using Guid(e882af2610b8b8240b4e9884f74c860a) Importer(815301076,1909f56bfc062723c751e8b465ee728b)  -> (artifact id: '5227a290ea2c09535c27b8ece7ab075a') in 0.010038 seconds
  Import took 0.013793 seconds .

========================================================================
Received Import Request.
  Time since last request: 0.000314 seconds.
  path: Assets/Particlecollection_Free samples/Scene/Main Camera_noshow.prefab
  artifactKey: Guid(fa1d28cf8ddec4848a57e054036e1dac) Importer(815301076,1909f56bfc062723c751e8b465ee728b)
Start importing Assets/Particlecollection_Free samples/Scene/Main Camera_noshow.prefab using Guid(fa1d28cf8ddec4848a57e054036e1dac) Importer(815301076,1909f56bfc062723c751e8b465ee728b)  -> (artifact id: '5d76945546c3cdaef85e9a15e7bdabd6') in 0.011484 seconds
  Import took 0.015551 seconds .

========================================================================
Received Import Request.
  Time since last request: 0.000314 seconds.
  path: Assets/Particlecollection_Free samples/Scene/GameObject_noshow.prefab
  artifactKey: Guid(fcbd1ba6371a6024cb0183fa09c65382) Importer(815301076,1909f56bfc062723c751e8b465ee728b)
Start importing Assets/Particlecollection_Free samples/Scene/GameObject_noshow.prefab using Guid(fcbd1ba6371a6024cb0183fa09c65382) Importer(815301076,1909f56bfc062723c751e8b465ee728b)  -> (artifact id: 'ee8bf3ca5fcad39280f36aa8af34af40') in 0.009322 seconds
  Import took 0.012826 seconds .

========================================================================
Received Import Request.
  Time since last request: 2.781965 seconds.
  path: Assets/Scenes/EscenaMapa.unity
  artifactKey: Guid(90fc415939c28c84482049d883aeaa2a) Importer(815301076,1909f56bfc062723c751e8b465ee728b)
Start importing Assets/Scenes/EscenaMapa.unity using Guid(90fc415939c28c84482049d883aeaa2a) Importer(815301076,1909f56bfc062723c751e8b465ee728b)  -> (artifact id: '39184549ab5079cc9a4aff9d06649d22') in 0.012183 seconds
  Import took 0.021647 seconds .

========================================================================
Received Import Request.
  Time since last request: 31.300426 seconds.
  path: Assets/Prefabs/Moneda.prefab
  artifactKey: Guid(8c53120c2099b804490cedae6d6de083) Importer(815301076,1909f56bfc062723c751e8b465ee728b)
Start importing Assets/Prefabs/Moneda.prefab using Guid(8c53120c2099b804490cedae6d6de083) Importer(815301076,1909f56bfc062723c751e8b465ee728b)  -> (artifact id: 'c7dee45e2ee232e054b3bcfa70d70675') in 0.021615 seconds
  Import took 0.026173 seconds .

========================================================================
Received Import Request.
  Time since last request: 48.691827 seconds.
  path: Assets/Scripts/Moneda.cs
  artifactKey: Guid(693a863572c999f4481a68830c0524eb) Importer(815301076,1909f56bfc062723c751e8b465ee728b)
Start importing Assets/Scripts/Moneda.cs using Guid(693a863572c999f4481a68830c0524eb) Importer(815301076,1909f56bfc062723c751e8b465ee728b)  -> (artifact id: 'dab4c42db2e1d9b0214ab3f1af10242e') in 0.019060 seconds
  Import took 0.031172 seconds .

========================================================================
Received Import Request.
  Time since last request: 0.006944 seconds.
  path: Assets/Scripts/Moneda.cs
  artifactKey: Guid(693a863572c999f4481a68830c0524eb) Importer(815301076,1909f56bfc062723c751e8b465ee728b)
Start importing Assets/Scripts/Moneda.cs using Guid(693a863572c999f4481a68830c0524eb) Importer(815301076,1909f56bfc062723c751e8b465ee728b)  -> (artifact id: 'dab4c42db2e1d9b0214ab3f1af10242e') in 0.006673 seconds
  Import took 0.013554 seconds .

========================================================================
Received Prepare
Registering precompiled user dll's ...
Registered in 0.001420 seconds.
Begin MonoManager ReloadAssembly
Native extension for WindowsStandalone target not found
Refreshing native plugins compatible for Editor in 0.46 ms, found 1 plugins.
Preloading 0 native plugins for Editor in 0.00 ms.
Invoked RoslynAnalysisRunner static constructor.
RoslynAnalysisRunner will not be running.
RoslynAnalysisRunner has terminated.
Mono: successfully reloaded assembly
- Completed reload, in  0.997 seconds
Platform modules already initialized, skipping
Refreshing native plugins compatible for Editor in 0.83 ms, found 1 plugins.
Preloading 0 native plugins for Editor in 0.00 ms.
Unloading 1811 Unused Serialized files (Serialized files now loaded: 0)
System memory in use before: 89.2 MB.
System memory in use after: 89.2 MB.

Unloading 13 unused Assets to reduce memory usage. Loaded Objects now: 2297.
Total: 2.187500 ms (FindLiveObjects: 0.202700 ms CreateObjectMapping: 0.089900 ms MarkObjects: 1.730800 ms  DeleteObjects: 0.162900 ms)

========================================================================
Received Import Request.
  Time since last request: 142.016504 seconds.
  path: Assets/Scripts/Moneda.cs
  artifactKey: Guid(693a863572c999f4481a68830c0524eb) Importer(815301076,1909f56bfc062723c751e8b465ee728b)
Start importing Assets/Scripts/Moneda.cs using Guid(693a863572c999f4481a68830c0524eb) Importer(815301076,1909f56bfc062723c751e8b465ee728b)  -> (artifact id: '668e5757b8d6ae29ab2432af39950d13') in 0.005151 seconds
  Import took 0.008991 seconds .

========================================================================
Received Import Request.
  Time since last request: 150.448128 seconds.
  path: Assets/Prefabs/Moneda.prefab
  artifactKey: Guid(8c53120c2099b804490cedae6d6de083) Importer(815301076,1909f56bfc062723c751e8b465ee728b)
Start importing Assets/Prefabs/Moneda.prefab using Guid(8c53120c2099b804490cedae6d6de083) Importer(815301076,1909f56bfc062723c751e8b465ee728b)  -> (artifact id: '7fba4e3decab792d31a4ae0e1c509d48') in 0.078498 seconds
  Import took 0.083050 seconds .

========================================================================
Received Prepare
Registering precompiled user dll's ...
Registered in 0.001376 seconds.
Begin MonoManager ReloadAssembly
Native extension for WindowsStandalone target not found
Refreshing native plugins compatible for Editor in 0.45 ms, found 1 plugins.
Preloading 0 native plugins for Editor in 0.00 ms.
Invoked RoslynAnalysisRunner static constructor.
RoslynAnalysisRunner will not be running.
RoslynAnalysisRunner has terminated.
Mono: successfully reloaded assembly
- Completed reload, in  1.068 seconds
Platform modules already initialized, skipping
Refreshing native plugins compatible for Editor in 0.46 ms, found 1 plugins.
Preloading 0 native plugins for Editor in 0.00 ms.
Unloading 1809 Unused Serialized files (Serialized files now loaded: 0)
System memory in use before: 89.1 MB.
System memory in use after: 89.0 MB.

Unloading 12 unused Assets to reduce memory usage. Loaded Objects now: 2301.
Total: 2.645300 ms (FindLiveObjects: 0.230700 ms CreateObjectMapping: 0.105200 ms MarkObjects: 2.138100 ms  DeleteObjects: 0.170100 ms)

========================================================================
Received Import Request.
  Time since last request: 67.496852 seconds.
  path: Assets/Prefabs/Moneda.prefab
  artifactKey: Guid(8c53120c2099b804490cedae6d6de083) Importer(815301076,1909f56bfc062723c751e8b465ee728b)
Start importing Assets/Prefabs/Moneda.prefab using Guid(8c53120c2099b804490cedae6d6de083) Importer(815301076,1909f56bfc062723c751e8b465ee728b)  -> (artifact id: '5f898aa41cead255f29bd24ced531d94') in 0.090857 seconds
  Import took 0.095895 seconds .

========================================================================
Received Import Request.
  Time since last request: 10.069889 seconds.
  path: Assets/Prefabs/Moneda.prefab
  artifactKey: Guid(8c53120c2099b804490cedae6d6de083) Importer(815301076,1909f56bfc062723c751e8b465ee728b)
Start importing Assets/Prefabs/Moneda.prefab using Guid(8c53120c2099b804490cedae6d6de083) Importer(815301076,1909f56bfc062723c751e8b465ee728b)  -> (artifact id: 'c3bcdbb8ae5d0f8f4ad36fb43864c21e') in 0.021778 seconds
  Import took 0.028744 seconds .

========================================================================
Received Prepare
Registering precompiled user dll's ...
Registered in 0.003842 seconds.
Begin MonoManager ReloadAssembly
Native extension for WindowsStandalone target not found
Refreshing native plugins compatible for Editor in 0.46 ms, found 1 plugins.
Preloading 0 native plugins for Editor in 0.00 ms.
Invoked RoslynAnalysisRunner static constructor.
RoslynAnalysisRunner will not be running.
RoslynAnalysisRunner has terminated.
Mono: successfully reloaded assembly
- Completed reload, in  1.123 seconds
Platform modules already initialized, skipping
Refreshing native plugins compatible for Editor in 0.67 ms, found 1 plugins.
Preloading 0 native plugins for Editor in 0.00 ms.
Unloading 1809 Unused Serialized files (Serialized files now loaded: 0)
System memory in use before: 89.2 MB.
System memory in use after: 89.1 MB.

Unloading 12 unused Assets to reduce memory usage. Loaded Objects now: 2307.
Total: 3.147800 ms (FindLiveObjects: 0.365300 ms CreateObjectMapping: 0.148500 ms MarkObjects: 2.398000 ms  DeleteObjects: 0.234400 ms)

AssetImportWorkerClient::OnTransportError - code=2 error=End of file
